2016-06-17 02:03:19,203 	 <Dispatcher> 	 INFO 	 *****   Initializing Sensors   *****
2016-06-17 02:03:24,223 	 <MQ135> 	 INFO 	 Calibrated, RZERO = 953.402258664
2016-06-17 02:03:24,241 	 <MQ6> 	 INFO 	 Calibrated, Ro = 2.92501940607
2016-06-17 02:03:24,255 	 <MQ4> 	 INFO 	 Calibrated, Ro = 1.60877969486
2016-06-17 02:03:29,337 	 <DUST> 	 INFO 	 Calibrated, NO_DUST_VOLTAGE = 9613.18359375
2016-06-17 02:03:29,509 	 <Dispatcher> 	 INFO 	 *****   RUN START   *****
2016-06-17 02:03:30,136 	 <Dispatcher> 	 Level 45 	 START_BYTES	12863
2016-06-17 02:04:20,785 	 <MQTT> 	 ERROR 	 [MQTT] Publish ERROR.
2016-06-17 02:04:20,788 	 <Dispatcher> 	 Level 45 	 missing	1466107520.0	17.7680187225	2.98212838173	421.581481934	10.95703125	-99.0	-99.0	-1.0	-1.0	17.7680187225	
2016-06-17 02:04:30,789 	 <MQTT> 	 ERROR 	 [MQTT] Publish ERROR.
2016-06-17 02:04:30,793 	 <Dispatcher> 	 Level 45 	 missing	1466107520.0	16.9444599152	3.17467308044	441.347961426	0.0	-99.0	-99.0	-1.0	-1.0	16.9444599152	
2016-06-17 02:04:40,791 	 <MQTT> 	 ERROR 	 [MQTT] Publish ERROR.
2016-06-17 02:04:40,795 	 <Dispatcher> 	 Level 45 	 missing	1466107520.0	18.0870361328	2.98180270195	429.413726807	0.0	30.0	42.0	-1.0	-1.0	18.0870361328	
2016-06-17 02:04:50,792 	 <MQTT> 	 ERROR 	 [MQTT] Publish ERROR.
2016-06-17 02:04:50,796 	 <Dispatcher> 	 Level 45 	 missing	1466107520.0	16.0078544617	3.4441421032	478.511260986	53.92578125	28.0	41.0	-1.0	-1.0	16.0078544617	
2016-06-17 02:05:00,791 	 <MQTT> 	 ERROR 	 [MQTT] Publish ERROR.
2016-06-17 02:05:00,793 	 <Dispatcher> 	 Level 45 	 missing	1466107520.0	17.0417480469	3.19388127327	441.347961426	0.0	28.0	41.0	-1.0	-1.0	17.0417480469	
2016-06-17 02:05:10,791 	 <MQTT> 	 ERROR 	 [MQTT] Publish ERROR.
2016-06-17 02:05:10,794 	 <Dispatcher> 	 Level 45 	 missing	1466107520.0	15.0931415558	3.6184694767	513.299438477	161.34765625	-99.0	-99.0	-1.0	-1.0	15.0931415558	
2016-06-17 02:05:20,795 	 <MQTT> 	 ERROR 	 [MQTT] Publish ERROR.
2016-06-17 02:05:20,798 	 <Dispatcher> 	 Level 45 	 missing	1466107520.0	16.9568786621	2.94116806984	449.429077148	0.0	-99.0	-99.0	-1.0	-1.0	16.9568786621	
2016-06-17 02:05:30,798 	 <MQTT> 	 ERROR 	 [MQTT] Publish ERROR.
2016-06-17 02:05:30,801 	 <Dispatcher> 	 Level 45 	 missing	1466107520.0	14.8422212601	3.56354641914	504.444885254	139.86328125	-99.0	-99.0	-1.0	-1.0	14.8422212601	
2016-06-17 02:05:40,798 	 <MQTT> 	 ERROR 	 [MQTT] Publish ERROR.
2016-06-17 02:05:40,800 	 <Dispatcher> 	 Level 45 	 missing	1466107520.0	15.6770935059	3.54042482376	474.279907227	96.89453125	28.0	40.0	-1.0	-1.0	15.6770935059	
2016-06-17 02:21:59,428 	 <Dispatcher> 	 INFO 	 *****   Initializing Sensors   *****
2016-06-17 02:22:04,450 	 <MQ135> 	 INFO 	 Calibrated, RZERO = 926.428285609
2016-06-17 02:22:04,467 	 <MQ6> 	 INFO 	 Calibrated, Ro = 2.94894445219
2016-06-17 02:22:04,481 	 <MQ4> 	 INFO 	 Calibrated, Ro = 1.59637655084
2016-06-17 02:22:09,555 	 <DUST> 	 INFO 	 Calibrated, NO_DUST_VOLTAGE = 10666.9921875
2016-06-17 02:22:09,717 	 <Dispatcher> 	 INFO 	 *****   RUN START   *****
2016-06-17 02:22:10,568 	 <Dispatcher> 	 Level 45 	 START_BYTES	16766
2016-06-17 02:22:41,226 	 <MQTT> 	 ERROR 	 [MQTT] Publish ERROR.
2016-06-17 02:22:41,230 	 <Dispatcher> 	 Level 45 	 missing	1466108544.0	20.6621742249	2.90860462189	411.350952148	0.0	-99.0	-99.0	-1.0	-1.0	20.6621742249	
2016-06-17 02:22:51,223 	 <MQTT> 	 ERROR 	 [MQTT] Publish ERROR.
2016-06-17 02:22:51,226 	 <Dispatcher> 	 Level 45 	 missing	1466108544.0	15.1166315079	3.47920536995	434.162414551	154.6875	-99.0	-99.0	-1.0	-1.0	15.1166315079	
2016-06-17 02:23:01,225 	 <MQTT> 	 ERROR 	 [MQTT] Publish ERROR.
2016-06-17 02:23:01,230 	 <Dispatcher> 	 Level 45 	 missing	1466108544.0	12.5280818939	4.24745368958	529.664611816	444.7265625	-99.0	-99.0	-1.0	-1.0	12.5280818939	
2016-06-17 02:23:11,222 	 <MQTT> 	 ERROR 	 [MQTT] Publish ERROR.
2016-06-17 02:23:11,225 	 <Dispatcher> 	 Level 45 	 missing	1466108544.0	16.1725063324	3.26895737648	407.63067627	0.0	-99.0	-99.0	-1.0	-1.0	16.1725063324	
2016-06-17 02:42:47,948 	 <Dispatcher> 	 INFO 	 *****   Initializing Sensors   *****
2016-06-17 02:42:52,973 	 <MQ135> 	 INFO 	 Calibrated, RZERO = 973.571923704
2016-06-17 02:42:52,995 	 <MQ6> 	 INFO 	 Calibrated, Ro = 2.9435740735
2016-06-17 02:42:53,022 	 <MQ4> 	 INFO 	 Calibrated, Ro = 1.5744622932
2016-06-17 02:42:58,102 	 <DUST> 	 INFO 	 Calibrated, NO_DUST_VOLTAGE = 10204.0039062
2016-06-17 02:42:58,235 	 <Dispatcher> 	 INFO 	 *****   RUN START   *****
2016-06-17 02:42:59,013 	 <Dispatcher> 	 Level 45 	 START_BYTES	0
